c:\users\david\documents\visual studio 2013\projects\steersuite\build\bin\steerlib.pdb
c:\users\david\documents\visual studio 2013\projects\steersuite\build\bin\steerlib.idb
c:\users\david\documents\visual studio 2013\projects\steersuite\build\vs2012\obj\debug\steerlib\recfileplayermodule.obj
c:\users\david\documents\visual studio 2013\projects\steersuite\build\vs2012\obj\debug\steerlib\recfilereader.obj
c:\users\david\documents\visual studio 2013\projects\steersuite\build\vs2012\obj\debug\steerlib\recfilewriter.obj
c:\users\david\documents\visual studio 2013\projects\steersuite\build\vs2012\obj\debug\steerlib\simulationengine.obj
c:\users\david\documents\visual studio 2013\projects\steersuite\build\vs2012\obj\debug\steerlib\simulationmetricscollector.obj
c:\users\david\documents\visual studio 2013\projects\steersuite\build\vs2012\obj\debug\steerlib\simulationoptions.obj
c:\users\david\documents\visual studio 2013\projects\steersuite\build\vs2012\obj\debug\steerlib\simulationrecordermodule.obj
c:\users\david\documents\visual studio 2013\projects\steersuite\build\vs2012\obj\debug\steerlib\statemachine.obj
c:\users\david\documents\visual studio 2013\projects\steersuite\build\vs2012\obj\debug\steerlib\steeringcommand.obj
c:\users\david\documents\visual studio 2013\projects\steersuite\build\vs2012\obj\debug\steerlib\testcaseplayermodule.obj
c:\users\david\documents\visual studio 2013\projects\steersuite\build\vs2012\obj\debug\steerlib\testcasereader.obj
c:\users\david\documents\visual studio 2013\projects\steersuite\build\vs2012\obj\debug\steerlib\testcasereaderprivate.obj
c:\users\david\documents\visual studio 2013\projects\steersuite\build\vs2012\obj\debug\steerlib\testcasewriter.obj
c:\users\david\documents\visual studio 2013\projects\steersuite\build\vs2012\obj\debug\steerlib\threadedtaskmanager.obj
c:\users\david\documents\visual studio 2013\projects\steersuite\build\vs2012\obj\debug\steerlib\xmlparser.obj
c:\users\david\documents\visual studio 2013\projects\steersuite\build\vs2012\obj\debug\steerlib\ticpp.obj
c:\users\david\documents\visual studio 2013\projects\steersuite\build\vs2012\obj\debug\steerlib\tinystr.obj
c:\users\david\documents\visual studio 2013\projects\steersuite\build\vs2012\obj\debug\steerlib\tinyxml.obj
c:\users\david\documents\visual studio 2013\projects\steersuite\build\vs2012\obj\debug\steerlib\tinyxmlerror.obj
c:\users\david\documents\visual studio 2013\projects\steersuite\build\vs2012\obj\debug\steerlib\tinyxmlparser.obj
c:\users\david\documents\visual studio 2013\projects\steersuite\build\vs2012\obj\debug\steerlib\circleobstacle.obj
c:\users\david\documents\visual studio 2013\projects\steersuite\build\vs2012\obj\debug\steerlib\clock.obj
c:\users\david\documents\visual studio 2013\projects\steersuite\build\vs2012\obj\debug\steerlib\commandlineparser.obj
c:\users\david\documents\visual studio 2013\projects\steersuite\build\vs2012\obj\debug\steerlib\compositetechnique01.obj
c:\users\david\documents\visual studio 2013\projects\steersuite\build\vs2012\obj\debug\steerlib\compositetechnique02.obj
c:\users\david\documents\visual studio 2013\projects\steersuite\build\vs2012\obj\debug\steerlib\compositetechniqueentropy.obj
c:\users\david\documents\visual studio 2013\projects\steersuite\build\vs2012\obj\debug\steerlib\compositetechniquegraph.obj
c:\users\david\documents\visual studio 2013\projects\steersuite\build\vs2012\obj\debug\steerlib\compositetechniqueple.obj
c:\users\david\documents\visual studio 2013\projects\steersuite\build\vs2012\obj\debug\steerlib\drawlib.obj
c:\users\david\documents\visual studio 2013\projects\steersuite\build\vs2012\obj\debug\steerlib\dynamiclibrary.obj
c:\users\david\documents\visual studio 2013\projects\steersuite\build\vs2012\obj\debug\steerlib\framesaver.obj
c:\users\david\documents\visual studio 2013\projects\steersuite\build\vs2012\obj\debug\steerlib\griddatabase2d.obj
c:\users\david\documents\visual studio 2013\projects\steersuite\build\vs2012\obj\debug\steerlib\griddatabaseplanningdomain.obj
c:\users\david\documents\visual studio 2013\projects\steersuite\build\vs2012\obj\debug\steerlib\highrescounter.obj
c:\users\david\documents\visual studio 2013\projects\steersuite\build\vs2012\obj\debug\steerlib\memorymapper.obj
c:\users\david\documents\visual studio 2013\projects\steersuite\build\vs2012\obj\debug\steerlib\misc.obj
c:\users\david\documents\visual studio 2013\projects\steersuite\build\vs2012\obj\debug\steerlib\orientedboxobstacle.obj
c:\users\david\documents\visual studio 2013\projects\steersuite\build\vs2012\obj\debug\steerlib\orientedwallobstacle.obj
c:\users\david\documents\visual studio 2013\projects\steersuite\build\vs2012\obj\debug\steerlib\performanceprofiler.obj
c:\users\david\documents\visual studio 2013\projects\steersuite\build\vs2012\obj\debug\steerlib\polygonobstacle.obj
c:\users\david\documents\visual studio 2013\projects\steersuite\build\vs2012\obj\debug\steerlib\agentinterface.obj
c:\users\david\documents\visual studio 2013\projects\steersuite\build\vs2012\obj\debug\steerlib\agentmetricscollector.obj
c:\users\david\documents\visual studio 2013\projects\steersuite\build\vs2012\obj\debug\steerlib\behaviorparameter.obj
c:\users\david\documents\visual studio 2013\projects\steersuite\build\vs2012\obj\debug\steerlib\behaviour.obj
c:\users\david\documents\visual studio 2013\projects\steersuite\build\vs2012\obj\debug\steerlib\benchmarkengine.obj
c:\users\david\documents\visual studio 2013\projects\steersuite\build\vs2012\obj\debug\steerlib\boxobstacle.obj
c:\users\david\documents\visual studio 2013\projects\steersuite\build\vs2012\obj\debug\steerlib\camera.obj
c:\users\david\documents\visual studio 2013\projects\steersuite\build\vs2012\obj\debug\steerlib\steerlib.tlog\cl.command.1.tlog
c:\users\david\documents\visual studio 2013\projects\steersuite\build\vs2012\obj\debug\steerlib\steerlib.tlog\cl.read.1.tlog
c:\users\david\documents\visual studio 2013\projects\steersuite\build\vs2012\obj\debug\steerlib\steerlib.tlog\cl.write.1.tlog
c:\users\david\documents\visual studio 2013\projects\steersuite\build\vs2012\obj\debug\steerlib\steerlib.tlog\link-cvtres.read.1.tlog
c:\users\david\documents\visual studio 2013\projects\steersuite\build\vs2012\obj\debug\steerlib\steerlib.tlog\link-cvtres.write.1.tlog
c:\users\david\documents\visual studio 2013\projects\steersuite\build\vs2012\obj\debug\steerlib\steerlib.tlog\link-rc.read.1.tlog
c:\users\david\documents\visual studio 2013\projects\steersuite\build\vs2012\obj\debug\steerlib\steerlib.tlog\link-rc.write.1.tlog
c:\users\david\documents\visual studio 2013\projects\steersuite\build\vs2012\obj\debug\steerlib\steerlib.tlog\link.command.1.tlog
c:\users\david\documents\visual studio 2013\projects\steersuite\build\vs2012\obj\debug\steerlib\steerlib.tlog\link.read.1.tlog
c:\users\david\documents\visual studio 2013\projects\steersuite\build\vs2012\obj\debug\steerlib\steerlib.tlog\link.write.1.tlog
