  SimulationOptions.cpp
c:\development\workspace\steersuiteplus\steersuiteplus\steerlib\include\util\xmlparser.h(36): warning C4100: 'subRoot': unreferenced formal parameter
c:\development\workspace\steersuiteplus\steersuiteplus\steerlib\include\util\xmlparser.h(36): warning C4100: 'tag': unreferenced formal parameter
c:\development\workspace\steersuiteplus\steersuiteplus\steerlib\include\util\xmlparser.h(38): warning C4100: 'subRoot': unreferenced formal parameter
c:\development\workspace\steersuiteplus\steersuiteplus\steerlib\include\util\xmlparser.h(38): warning C4100: 'tag': unreferenced formal parameter
c:\development\workspace\steersuiteplus\steersuiteplus\steerlib\include\util\xmlparser.h(40): warning C4100: 'indentation': unreferenced formal parameter
c:\development\workspace\steersuiteplus\steersuiteplus\steerlib\include\util\xmlparser.h(40): warning C4100: 'out': unreferenced formal parameter
c:\development\workspace\steersuiteplus\steersuiteplus\steerlib\include\interfaces\obstacleinterface.h(27): warning C4100: 'frameNumber': unreferenced formal parameter
c:\development\workspace\steersuiteplus\steersuiteplus\steerlib\include\interfaces\obstacleinterface.h(27): warning C4100: 'dt': unreferenced formal parameter
c:\development\workspace\steersuiteplus\steersuiteplus\steerlib\include\interfaces\obstacleinterface.h(27): warning C4100: 'timeStamp': unreferenced formal parameter
c:\development\workspace\steersuiteplus\steersuiteplus\steerlib\include\util\genericexception.h(58): warning C4275: non dll-interface class 'std::exception' used as base for dll-interface class 'Util::GenericException'
  c:\program files (x86)\microsoft visual studio 14.0\vc\include\vcruntime_exception.h(43): note: see declaration of 'std::exception'
  c:\development\workspace\steersuiteplus\steersuiteplus\steerlib\include\util\genericexception.h(57): note: see declaration of 'Util::GenericException'
c:\development\workspace\steersuiteplus\steersuiteplus\steerlib\include\interfaces\agentinterface.h(110): warning C4100: 'item': unreferenced formal parameter
c:\development\workspace\steersuiteplus\steersuiteplus\steerlib\include\interfaces\agentinterface.h(135): warning C4100: 'timeStamp': unreferenced formal parameter
c:\development\workspace\steersuiteplus\steersuiteplus\steerlib\include\interfaces\agentinterface.h(135): warning C4100: 'directiontToRightOfAgent': unreferenced formal parameter
c:\development\workspace\steersuiteplus\steersuiteplus\steerlib\include\interfaces\moduleinterface.h(106): warning C4100: 'agent': unreferenced formal parameter
c:\development\workspace\steersuiteplus\steersuiteplus\steerlib\include\interfaces\moduleinterface.h(122): warning C4100: 'frameNumber': unreferenced formal parameter
c:\development\workspace\steersuiteplus\steersuiteplus\steerlib\include\interfaces\moduleinterface.h(122): warning C4100: 'dt': unreferenced formal parameter
c:\development\workspace\steersuiteplus\steersuiteplus\steerlib\include\interfaces\moduleinterface.h(122): warning C4100: 'timeStamp': unreferenced formal parameter
c:\development\workspace\steersuiteplus\steersuiteplus\steerlib\include\interfaces\moduleinterface.h(124): warning C4100: 'frameNumber': unreferenced formal parameter
c:\development\workspace\steersuiteplus\steersuiteplus\steerlib\include\interfaces\moduleinterface.h(124): warning C4100: 'dt': unreferenced formal parameter
c:\development\workspace\steersuiteplus\steersuiteplus\steerlib\include\interfaces\moduleinterface.h(124): warning C4100: 'timeStamp': unreferenced formal parameter
c:\development\workspace\steersuiteplus\steersuiteplus\steerlib\include\interfaces\moduleinterface.h(126): warning C4100: 'action': unreferenced formal parameter
c:\development\workspace\steersuiteplus\steersuiteplus\steerlib\include\interfaces\moduleinterface.h(126): warning C4100: 'key': unreferenced formal parameter
c:\development\workspace\steersuiteplus\steersuiteplus\steerlib\include\interfaces\moduleinterface.h(128): warning C4100: 'deltaY': unreferenced formal parameter
c:\development\workspace\steersuiteplus\steersuiteplus\steerlib\include\interfaces\moduleinterface.h(128): warning C4100: 'deltaX': unreferenced formal parameter
c:\development\workspace\steersuiteplus\steersuiteplus\steerlib\include\interfaces\moduleinterface.h(129): warning C4100: 'action': unreferenced formal parameter
c:\development\workspace\steersuiteplus\steersuiteplus\steerlib\include\interfaces\moduleinterface.h(129): warning C4100: 'button': unreferenced formal parameter
c:\development\workspace\steersuiteplus\steersuiteplus\steerlib\src\simulationoptions.cpp(554): warning C4100: 'tag': unreferenced formal parameter
c:\development\workspace\steersuiteplus\steersuiteplus\steerlib\src\simulationoptions.cpp(598): warning C4100: 'tag': unreferenced formal parameter
c:\development\workspace\steersuiteplus\steersuiteplus\steerlib\include\interfaces\agentinterface.h(113): warning C4702: unreachable code
  steerlib.vcxproj -> C:\Development\Workspace\SteerSuitePlus\SteerSuitePlus\build\vs2012\..\bin\steerlib.dll
  steerlib.vcxproj -> ..\bin\steerlib.pdb (Full PDB)
