c:\users\david\documents\visual studio 2013\projects\steersuite\build\bin\util.pdb
c:\users\david\documents\visual studio 2013\projects\steersuite\build\bin\util.idb
c:\users\david\documents\visual studio 2013\projects\steersuite\build\vs2012\obj\debug\util\astarlite.obj
c:\users\david\documents\visual studio 2013\projects\steersuite\build\vs2012\obj\debug\util\astarliteclose.obj
c:\users\david\documents\visual studio 2013\projects\steersuite\build\vs2012\obj\debug\util\astarlitenode.obj
c:\users\david\documents\visual studio 2013\projects\steersuite\build\vs2012\obj\debug\util\astarliteopen.obj
c:\users\david\documents\visual studio 2013\projects\steersuite\build\vs2012\obj\debug\util\logdata.obj
c:\users\david\documents\visual studio 2013\projects\steersuite\build\vs2012\obj\debug\util\logger.obj
c:\users\david\documents\visual studio 2013\projects\steersuite\build\vs2012\obj\debug\util\logmanager.obj
c:\users\david\documents\visual studio 2013\projects\steersuite\build\vs2012\obj\debug\util\logobject.obj
c:\users\david\documents\visual studio 2013\projects\steersuite\build\bin\util.ilk
c:\users\david\documents\visual studio 2013\projects\steersuite\build\bin\util.dll
c:\users\david\documents\visual studio 2013\projects\steersuite\build\bin\util.lib
c:\users\david\documents\visual studio 2013\projects\steersuite\build\bin\util.exp
c:\users\david\documents\visual studio 2013\projects\steersuite\build\vs2012\..\bin\util.dll
c:\users\david\documents\visual studio 2013\projects\steersuite\build\vs2012\obj\debug\util\util.tlog\cl.command.1.tlog
c:\users\david\documents\visual studio 2013\projects\steersuite\build\vs2012\obj\debug\util\util.tlog\cl.read.1.tlog
c:\users\david\documents\visual studio 2013\projects\steersuite\build\vs2012\obj\debug\util\util.tlog\cl.write.1.tlog
c:\users\david\documents\visual studio 2013\projects\steersuite\build\vs2012\obj\debug\util\util.tlog\link.command.1.tlog
c:\users\david\documents\visual studio 2013\projects\steersuite\build\vs2012\obj\debug\util\util.tlog\link.read.1.tlog
c:\users\david\documents\visual studio 2013\projects\steersuite\build\vs2012\obj\debug\util\util.tlog\link.write.1.tlog
c:\users\david\documents\visual studio 2013\projects\steersuite\build\vs2012\obj\debug\util\util.tlog\util.write.1u.tlog
