Build started 9/6/2016 1:09:39 AM.
     1>Project "C:\Users\David\Documents\Visual Studio 2013\Projects\SteerSuite\build\vs2012\util.vcxproj" on node 2 (Build target(s)).
     1>ClCompile:
         C:\Program Files (x86)\Microsoft Visual Studio 12.0\VC\bin\CL.exe /c /I..\..\util\include /ZI /nologo /W4 /WX- /Od /Oy- /D ENABLE_GUI /D ENABLE_GLFW /D DEBUG /D WIN32 /D _WINDOWS /D _WINDLL /D _MBCS /Gm /EHsc /RTCc /RTC1 /MDd /GS /Gy /fp:precise /Zc:wchar_t /Zc:forScope /Fo"obj\Debug\util\\" /Fd"..\bin\util.pdb" /Gd /TP /analyze- /errorReport:prompt ..\..\util\src\AStarLite.cpp ..\..\util\src\AStarLiteClose.cpp ..\..\util\src\AStarLiteNode.cpp ..\..\util\src\AStarLiteOpen.cpp ..\..\util\src\LogData.cpp ..\..\util\src\Logger.cpp ..\..\util\src\LogManager.cpp ..\..\util\src\LogObject.cpp
         LogObject.cpp
     1>c:\users\david\documents\visual studio 2013\projects\steersuite\util\include\logobject.h(24): warning C4251: 'DataItem::string' : class 'std::basic_string<char,std::char_traits<char>,std::allocator<char>>' needs to have dll-interface to be used by clients of struct 'DataItem'
     1>c:\users\david\documents\visual studio 2013\projects\steersuite\util\include\logobject.h(96): warning C4251: 'LogObject::_record' : class 'std::vector<DataItem,std::allocator<_Ty>>' needs to have dll-interface to be used by clients of class 'LogObject'
                 with
                 [
                     _Ty=DataItem
                 ]
     1>c:\users\david\documents\visual studio 2013\projects\steersuite\util\include\logobject.h(55): warning C4244: '=' : conversion from 'int' to 'float', possible loss of data
                 c:\users\david\documents\visual studio 2013\projects\steersuite\util\src\logobject.cpp(35) : see reference to function template instantiation 'void LogObject::addLogData<int>(T)' being compiled
                 with
                 [
                     T=int
                 ]
     1>c:\users\david\documents\visual studio 2013\projects\steersuite\util\include\logobject.h(65): warning C4244: 'argument' : conversion from 'int' to 'char', possible loss of data
     1>c:\users\david\documents\visual studio 2013\projects\steersuite\util\include\logobject.h(47): warning C4244: '=' : conversion from 'float' to 'int', possible loss of data
                 c:\users\david\documents\visual studio 2013\projects\steersuite\util\src\logobject.cpp(61) : see reference to function template instantiation 'void LogObject::addLogData<float>(T)' being compiled
                 with
                 [
                     T=float
                 ]
     1>c:\users\david\documents\visual studio 2013\projects\steersuite\util\include\logobject.h(60): warning C4244: '=' : conversion from 'float' to '__int64', possible loss of data
     1>c:\users\david\documents\visual studio 2013\projects\steersuite\util\include\logobject.h(65): warning C4244: 'argument' : conversion from 'float' to 'char', possible loss of data
         LogManager.cpp
     1>c:\users\david\documents\visual studio 2013\projects\steersuite\util\include\logobject.h(24): warning C4251: 'DataItem::string' : class 'std::basic_string<char,std::char_traits<char>,std::allocator<char>>' needs to have dll-interface to be used by clients of struct 'DataItem'
     1>c:\users\david\documents\visual studio 2013\projects\steersuite\util\include\logobject.h(96): warning C4251: 'LogObject::_record' : class 'std::vector<DataItem,std::allocator<_Ty>>' needs to have dll-interface to be used by clients of class 'LogObject'
                 with
                 [
                     _Ty=DataItem
                 ]
     1>c:\users\david\documents\visual studio 2013\projects\steersuite\util\include\logger.h(65): warning C4251: 'Logger::_fileStream' : class 'std::basic_fstream<char,std::char_traits<char>>' needs to have dll-interface to be used by clients of class 'Logger'
     1>c:\users\david\documents\visual studio 2013\projects\steersuite\util\include\logger.h(66): warning C4251: 'Logger::_fileName' : class 'std::basic_string<char,std::char_traits<char>,std::allocator<char>>' needs to have dll-interface to be used by clients of class 'Logger'
     1>c:\users\david\documents\visual studio 2013\projects\steersuite\util\include\logger.h(69): warning C4251: 'Logger::_fieldNames' : class 'std::vector<std::string,std::allocator<_Ty>>' needs to have dll-interface to be used by clients of class 'Logger'
                 with
                 [
                     _Ty=std::string
                 ]
     1>c:\users\david\documents\visual studio 2013\projects\steersuite\util\include\logger.h(70): warning C4251: 'Logger::_dataTypes' : class 'std::vector<DataType,std::allocator<_Ty>>' needs to have dll-interface to be used by clients of class 'Logger'
                 with
                 [
                     _Ty=DataType
                 ]
     1>c:\users\david\documents\visual studio 2013\projects\steersuite\util\include\logmanager.h(36): warning C4251: 'LogManager::_loggers' : class 'std::map<std::string,Logger *,std::less<_Kty>,std::allocator<std::pair<const _Kty,_Ty>>>' needs to have dll-interface to be used by clients of class 'LogManager'
                 with
                 [
                     _Kty=std::string
         ,            _Ty=Logger *
                 ]
         Logger.cpp
     1>c:\users\david\documents\visual studio 2013\projects\steersuite\util\include\logobject.h(24): warning C4251: 'DataItem::string' : class 'std::basic_string<char,std::char_traits<char>,std::allocator<char>>' needs to have dll-interface to be used by clients of struct 'DataItem'
     1>c:\users\david\documents\visual studio 2013\projects\steersuite\util\include\logobject.h(96): warning C4251: 'LogObject::_record' : class 'std::vector<DataItem,std::allocator<_Ty>>' needs to have dll-interface to be used by clients of class 'LogObject'
                 with
                 [
                     _Ty=DataItem
                 ]
     1>c:\users\david\documents\visual studio 2013\projects\steersuite\util\include\logger.h(65): warning C4251: 'Logger::_fileStream' : class 'std::basic_fstream<char,std::char_traits<char>>' needs to have dll-interface to be used by clients of class 'Logger'
     1>c:\users\david\documents\visual studio 2013\projects\steersuite\util\include\logger.h(66): warning C4251: 'Logger::_fileName' : class 'std::basic_string<char,std::char_traits<char>,std::allocator<char>>' needs to have dll-interface to be used by clients of class 'Logger'
     1>c:\users\david\documents\visual studio 2013\projects\steersuite\util\include\logger.h(69): warning C4251: 'Logger::_fieldNames' : class 'std::vector<std::string,std::allocator<_Ty>>' needs to have dll-interface to be used by clients of class 'Logger'
                 with
                 [
                     _Ty=std::string
                 ]
     1>c:\users\david\documents\visual studio 2013\projects\steersuite\util\include\logger.h(70): warning C4251: 'Logger::_dataTypes' : class 'std::vector<DataType,std::allocator<_Ty>>' needs to have dll-interface to be used by clients of class 'Logger'
                 with
                 [
                     _Ty=DataType
                 ]
         LogData.cpp
     1>c:\users\david\documents\visual studio 2013\projects\steersuite\util\include\logobject.h(24): warning C4251: 'DataItem::string' : class 'std::basic_string<char,std::char_traits<char>,std::allocator<char>>' needs to have dll-interface to be used by clients of struct 'DataItem'
     1>c:\users\david\documents\visual studio 2013\projects\steersuite\util\include\logobject.h(96): warning C4251: 'LogObject::_record' : class 'std::vector<DataItem,std::allocator<_Ty>>' needs to have dll-interface to be used by clients of class 'LogObject'
                 with
                 [
                     _Ty=DataItem
                 ]
     1>c:\users\david\documents\visual studio 2013\projects\steersuite\util\include\logger.h(65): warning C4251: 'Logger::_fileStream' : class 'std::basic_fstream<char,std::char_traits<char>>' needs to have dll-interface to be used by clients of class 'Logger'
     1>c:\users\david\documents\visual studio 2013\projects\steersuite\util\include\logger.h(66): warning C4251: 'Logger::_fileName' : class 'std::basic_string<char,std::char_traits<char>,std::allocator<char>>' needs to have dll-interface to be used by clients of class 'Logger'
     1>c:\users\david\documents\visual studio 2013\projects\steersuite\util\include\logger.h(69): warning C4251: 'Logger::_fieldNames' : class 'std::vector<std::string,std::allocator<_Ty>>' needs to have dll-interface to be used by clients of class 'Logger'
                 with
                 [
                     _Ty=std::string
                 ]
     1>c:\users\david\documents\visual studio 2013\projects\steersuite\util\include\logger.h(70): warning C4251: 'Logger::_dataTypes' : class 'std::vector<DataType,std::allocator<_Ty>>' needs to have dll-interface to be used by clients of class 'Logger'
                 with
                 [
                     _Ty=DataType
                 ]
     1>c:\users\david\documents\visual studio 2013\projects\steersuite\util\include\logdata.h(34): warning C4251: 'LogData::logData' : class 'std::vector<LogObject *,std::allocator<_Ty>>' needs to have dll-interface to be used by clients of class 'LogData'
                 with
                 [
                     _Ty=LogObject *
                 ]
         AStarLiteOpen.cpp
         AStarLiteNode.cpp
         AStarLiteClose.cpp
     1>c:\users\david\documents\visual studio 2013\projects\steersuite\util\src\astarliteclose.cpp(85): warning C4127: conditional expression is constant
         AStarLite.cpp
     1>c:\users\david\documents\visual studio 2013\projects\steersuite\util\include\astar\astarlite.h(34): warning C4251: 'AStarLite::m_path' : class 'std::vector<int,std::allocator<_Ty>>' needs to have dll-interface to be used by clients of class 'AStarLite'
                 with
                 [
                     _Ty=int
                 ]
         Generating Code...
     1>c:\users\david\documents\visual studio 2013\projects\steersuite\util\src\logger.cpp(273): warning C4701: potentially uninitialized local variable 'dataType' used
       Link:
         C:\Program Files (x86)\Microsoft Visual Studio 12.0\VC\bin\link.exe /ERRORREPORT:PROMPT /OUT:"..\bin\util.dll" /INCREMENTAL /NOLOGO /LIBPATH:..\lib kernel32.lib user32.lib gdi32.lib winspool.lib comdlg32.lib advapi32.lib shell32.lib ole32.lib oleaut32.lib uuid.lib odbc32.lib odbccp32.lib /MANIFEST /MANIFESTUAC:"level='asInvoker' uiAccess='false'" /manifest:embed /DEBUG /PDB:"..\bin\util.pdb" /SUBSYSTEM:WINDOWS /TLBID:1 /DYNAMICBASE /NXCOMPAT /IMPLIB:"..\bin\util.lib" /MACHINE:X86 /DLL obj\Debug\util\AStarLite.obj
         obj\Debug\util\AStarLiteClose.obj
         obj\Debug\util\AStarLiteNode.obj
         obj\Debug\util\AStarLiteOpen.obj
         obj\Debug\util\LogData.obj
         obj\Debug\util\Logger.obj
         obj\Debug\util\LogManager.obj
         obj\Debug\util\LogObject.obj
            Creating library ..\bin\util.lib and object ..\bin\util.exp
         util.vcxproj -> C:\Users\David\Documents\Visual Studio 2013\Projects\SteerSuite\build\vs2012\..\bin\util.dll
     1>Done Building Project "C:\Users\David\Documents\Visual Studio 2013\Projects\SteerSuite\build\vs2012\util.vcxproj" (Build target(s)).

Build succeeded.

Time Elapsed 00:00:04.20
