c:\users\david\documents\visual studio 2013\projects\steersuite\build\bin\glfw.pdb
c:\users\david\documents\visual studio 2013\projects\steersuite\build\bin\glfw.idb
c:\users\david\documents\visual studio 2013\projects\steersuite\build\vs2012\obj\debug\glfw\fullscreen.obj
c:\users\david\documents\visual studio 2013\projects\steersuite\build\vs2012\obj\debug\glfw\glext.obj
c:\users\david\documents\visual studio 2013\projects\steersuite\build\vs2012\obj\debug\glfw\image.obj
c:\users\david\documents\visual studio 2013\projects\steersuite\build\vs2012\obj\debug\glfw\init.obj
c:\users\david\documents\visual studio 2013\projects\steersuite\build\vs2012\obj\debug\glfw\input.obj
c:\users\david\documents\visual studio 2013\projects\steersuite\build\vs2012\obj\debug\glfw\joystick.obj
c:\users\david\documents\visual studio 2013\projects\steersuite\build\vs2012\obj\debug\glfw\stream.obj
c:\users\david\documents\visual studio 2013\projects\steersuite\build\vs2012\obj\debug\glfw\tga.obj
c:\users\david\documents\visual studio 2013\projects\steersuite\build\vs2012\obj\debug\glfw\thread.obj
c:\users\david\documents\visual studio 2013\projects\steersuite\build\vs2012\obj\debug\glfw\time.obj
c:\users\david\documents\visual studio 2013\projects\steersuite\build\vs2012\obj\debug\glfw\window.obj
c:\users\david\documents\visual studio 2013\projects\steersuite\build\vs2012\obj\debug\glfw\win32_dllmain.obj
c:\users\david\documents\visual studio 2013\projects\steersuite\build\vs2012\obj\debug\glfw\win32_enable.obj
c:\users\david\documents\visual studio 2013\projects\steersuite\build\vs2012\obj\debug\glfw\win32_fullscreen.obj
c:\users\david\documents\visual studio 2013\projects\steersuite\build\vs2012\obj\debug\glfw\win32_glext.obj
c:\users\david\documents\visual studio 2013\projects\steersuite\build\vs2012\obj\debug\glfw\win32_init.obj
c:\users\david\documents\visual studio 2013\projects\steersuite\build\vs2012\obj\debug\glfw\win32_joystick.obj
c:\users\david\documents\visual studio 2013\projects\steersuite\build\vs2012\obj\debug\glfw\win32_thread.obj
c:\users\david\documents\visual studio 2013\projects\steersuite\build\vs2012\obj\debug\glfw\win32_time.obj
c:\users\david\documents\visual studio 2013\projects\steersuite\build\vs2012\obj\debug\glfw\win32_window.obj
c:\users\david\documents\visual studio 2013\projects\steersuite\build\vs2012\obj\debug\glfw\enable.obj
c:\users\david\documents\visual studio 2013\projects\steersuite\build\bin\glfw.lib
c:\users\david\documents\visual studio 2013\projects\steersuite\build\bin\glfw.exp
c:\users\david\documents\visual studio 2013\projects\steersuite\build\bin\glfw.ilk
c:\users\david\documents\visual studio 2013\projects\steersuite\build\bin\glfw.dll
c:\users\david\documents\visual studio 2013\projects\steersuite\build\vs2012\..\bin\glfw.dll
c:\users\david\documents\visual studio 2013\projects\steersuite\build\vs2012\obj\debug\glfw\glfw.tlog\cl.command.1.tlog
c:\users\david\documents\visual studio 2013\projects\steersuite\build\vs2012\obj\debug\glfw\glfw.tlog\cl.read.1.tlog
c:\users\david\documents\visual studio 2013\projects\steersuite\build\vs2012\obj\debug\glfw\glfw.tlog\cl.write.1.tlog
c:\users\david\documents\visual studio 2013\projects\steersuite\build\vs2012\obj\debug\glfw\glfw.tlog\glfw.write.1u.tlog
c:\users\david\documents\visual studio 2013\projects\steersuite\build\vs2012\obj\debug\glfw\glfw.tlog\link.command.1.tlog
c:\users\david\documents\visual studio 2013\projects\steersuite\build\vs2012\obj\debug\glfw\glfw.tlog\link.read.1.tlog
c:\users\david\documents\visual studio 2013\projects\steersuite\build\vs2012\obj\debug\glfw\glfw.tlog\link.write.1.tlog
