c:\users\david\documents\visual studio 2013\projects\steersuite\build\bin\steersimlib.pdb
c:\users\david\documents\visual studio 2013\projects\steersuite\build\bin\steersimlib.idb
c:\users\david\documents\visual studio 2013\projects\steersuite\build\vs2012\obj\debug\steersimlib\clockwidget.obj
c:\users\david\documents\visual studio 2013\projects\steersuite\build\vs2012\obj\debug\steersimlib\commandlineenginedriver.obj
c:\users\david\documents\visual studio 2013\projects\steersuite\build\vs2012\obj\debug\steersimlib\consolewidget.obj
c:\users\david\documents\visual studio 2013\projects\steersuite\build\vs2012\obj\debug\steersimlib\glfwenginedriver.obj
c:\users\david\documents\visual studio 2013\projects\steersuite\build\vs2012\obj\debug\steersimlib\globaleventfilter.obj
c:\users\david\documents\visual studio 2013\projects\steersuite\build\vs2012\obj\debug\steersimlib\glwidget.obj
c:\users\david\documents\visual studio 2013\projects\steersuite\build\vs2012\obj\debug\steersimlib\modulemanagerwidget.obj
c:\users\david\documents\visual studio 2013\projects\steersuite\build\vs2012\obj\debug\steersimlib\qtenginecontroller.obj
c:\users\david\documents\visual studio 2013\projects\steersuite\build\vs2012\obj\debug\steersimlib\qtenginedriver.obj
c:\users\david\documents\visual studio 2013\projects\steersuite\build\vs2012\obj\debug\steersimlib\recfileplayerwidget.obj
c:\users\david\documents\visual studio 2013\projects\steersuite\build\vs2012\obj\debug\steersimlib\steersim.obj
c:\users\david\documents\visual studio 2013\projects\steersuite\build\vs2012\obj\debug\steersimlib\testcaseplayerwidget.obj
c:\users\david\documents\visual studio 2013\projects\steersuite\build\vs2012\obj\debug\steersimlib\steersimlib.tlog\cl.command.1.tlog
c:\users\david\documents\visual studio 2013\projects\steersuite\build\vs2012\obj\debug\steersimlib\steersimlib.tlog\cl.read.1.tlog
c:\users\david\documents\visual studio 2013\projects\steersuite\build\vs2012\obj\debug\steersimlib\steersimlib.tlog\cl.write.1.tlog
c:\users\david\documents\visual studio 2013\projects\steersuite\build\vs2012\obj\debug\steersimlib\steersimlib.tlog\link-cvtres.read.1.tlog
c:\users\david\documents\visual studio 2013\projects\steersuite\build\vs2012\obj\debug\steersimlib\steersimlib.tlog\link-cvtres.write.1.tlog
c:\users\david\documents\visual studio 2013\projects\steersuite\build\vs2012\obj\debug\steersimlib\steersimlib.tlog\link-rc.read.1.tlog
c:\users\david\documents\visual studio 2013\projects\steersuite\build\vs2012\obj\debug\steersimlib\steersimlib.tlog\link-rc.write.1.tlog
c:\users\david\documents\visual studio 2013\projects\steersuite\build\vs2012\obj\debug\steersimlib\steersimlib.tlog\link.command.1.tlog
c:\users\david\documents\visual studio 2013\projects\steersuite\build\vs2012\obj\debug\steersimlib\steersimlib.tlog\link.read.1.tlog
c:\users\david\documents\visual studio 2013\projects\steersuite\build\vs2012\obj\debug\steersimlib\steersimlib.tlog\link.write.1.tlog
