c:\development\workspace\steersuiteplus\steersuiteplus\build\bin\recast.pdb
c:\development\workspace\steersuiteplus\steersuiteplus\build\bin\recast.idb
c:\development\workspace\steersuiteplus\steersuiteplus\build\vs2012\obj\debug\recast\recast.obj
c:\development\workspace\steersuiteplus\steersuiteplus\build\vs2012\obj\debug\recast\recastalloc.obj
c:\development\workspace\steersuiteplus\steersuiteplus\build\vs2012\obj\debug\recast\recastarea.obj
c:\development\workspace\steersuiteplus\steersuiteplus\build\vs2012\obj\debug\recast\recastcontour.obj
c:\development\workspace\steersuiteplus\steersuiteplus\build\vs2012\obj\debug\recast\recastfilter.obj
c:\development\workspace\steersuiteplus\steersuiteplus\build\vs2012\obj\debug\recast\recastlayers.obj
c:\development\workspace\steersuiteplus\steersuiteplus\build\vs2012\obj\debug\recast\recastmesh.obj
c:\development\workspace\steersuiteplus\steersuiteplus\build\vs2012\obj\debug\recast\recastmeshdetail.obj
c:\development\workspace\steersuiteplus\steersuiteplus\build\vs2012\obj\debug\recast\recastrasterization.obj
c:\development\workspace\steersuiteplus\steersuiteplus\build\vs2012\obj\debug\recast\recastregion.obj
c:\development\workspace\steersuiteplus\steersuiteplus\build\bin\recast.lib
c:\development\workspace\steersuiteplus\steersuiteplus\build\vs2012\obj\debug\recast\recast.vcxprojresolveassemblyreference.cache
c:\development\workspace\steersuiteplus\steersuiteplus\build\vs2012\..\bin\recast.lib
c:\development\workspace\steersuiteplus\steersuiteplus\build\vs2012\obj\debug\recast\recast.tlog\cl.command.1.tlog
c:\development\workspace\steersuiteplus\steersuiteplus\build\vs2012\obj\debug\recast\recast.tlog\cl.read.1.tlog
c:\development\workspace\steersuiteplus\steersuiteplus\build\vs2012\obj\debug\recast\recast.tlog\cl.write.1.tlog
c:\development\workspace\steersuiteplus\steersuiteplus\build\vs2012\obj\debug\recast\recast.tlog\lib-link.read.1.tlog
c:\development\workspace\steersuiteplus\steersuiteplus\build\vs2012\obj\debug\recast\recast.tlog\lib-link.write.1.tlog
c:\development\workspace\steersuiteplus\steersuiteplus\build\vs2012\obj\debug\recast\recast.tlog\lib.command.1.tlog
