c:\development\workspace\steersuiteplus\steersuiteplus\build\bin\navmesh.pdb
c:\development\workspace\steersuiteplus\steersuiteplus\build\bin\navmesh.idb
c:\development\workspace\steersuiteplus\steersuiteplus\build\vs2012\obj\debug\navmesh\chunkytrimesh.obj
c:\development\workspace\steersuiteplus\steersuiteplus\build\vs2012\obj\debug\navmesh\convexvolumetool.obj
c:\development\workspace\steersuiteplus\steersuiteplus\build\vs2012\obj\debug\navmesh\crowdtool.obj
c:\development\workspace\steersuiteplus\steersuiteplus\build\vs2012\obj\debug\navmesh\imgui.obj
c:\development\workspace\steersuiteplus\steersuiteplus\build\vs2012\obj\debug\navmesh\imguirendergl.obj
c:\development\workspace\steersuiteplus\steersuiteplus\build\vs2012\obj\debug\navmesh\inputgeom.obj
c:\development\workspace\steersuiteplus\steersuiteplus\build\vs2012\obj\debug\navmesh\main.obj
c:\development\workspace\steersuiteplus\steersuiteplus\build\vs2012\obj\debug\navmesh\mesh.obj
c:\development\workspace\steersuiteplus\steersuiteplus\build\vs2012\obj\debug\navmesh\meshloaderobj.obj
c:\development\workspace\steersuiteplus\steersuiteplus\build\vs2012\obj\debug\navmesh\navmeshmodule.obj
c:\development\workspace\steersuiteplus\steersuiteplus\build\vs2012\obj\debug\navmesh\navmeshprunetool.obj
c:\development\workspace\steersuiteplus\steersuiteplus\build\vs2012\obj\debug\navmesh\navmeshtestertool.obj
c:\development\workspace\steersuiteplus\steersuiteplus\build\vs2012\obj\debug\navmesh\offmeshconnectiontool.obj
c:\development\workspace\steersuiteplus\steersuiteplus\build\vs2012\obj\debug\navmesh\perftimer.obj
c:\development\workspace\steersuiteplus\steersuiteplus\build\vs2012\obj\debug\navmesh\recasenavmeshplanner.obj
c:\development\workspace\steersuiteplus\steersuiteplus\build\vs2012\obj\debug\navmesh\sample.obj
c:\development\workspace\steersuiteplus\steersuiteplus\build\vs2012\obj\debug\navmesh\sampleinterfaces.obj
c:\development\workspace\steersuiteplus\steersuiteplus\build\vs2012\obj\debug\navmesh\sample_solomesh.obj
c:\development\workspace\steersuiteplus\steersuiteplus\build\vs2012\obj\debug\navmesh\timer.obj
c:\development\workspace\steersuiteplus\steersuiteplus\build\vs2012\obj\debug\navmesh\valuehistory.obj
c:\development\workspace\steersuiteplus\steersuiteplus\build\bin\navmesh.ilk
c:\development\workspace\steersuiteplus\steersuiteplus\build\bin\navmesh.dll
c:\development\workspace\steersuiteplus\steersuiteplus\build\bin\navmesh.lib
c:\development\workspace\steersuiteplus\steersuiteplus\build\bin\navmesh.exp
c:\development\workspace\steersuiteplus\steersuiteplus\build\vs2012\obj\debug\navmesh\navmesh.vcxprojresolveassemblyreference.cache
c:\development\workspace\steersuiteplus\steersuiteplus\build\vs2012\..\bin\navmesh.dll
c:\development\workspace\steersuiteplus\steersuiteplus\build\vs2012\obj\debug\navmesh\navmesh.tlog\cl.command.1.tlog
c:\development\workspace\steersuiteplus\steersuiteplus\build\vs2012\obj\debug\navmesh\navmesh.tlog\cl.read.1.tlog
c:\development\workspace\steersuiteplus\steersuiteplus\build\vs2012\obj\debug\navmesh\navmesh.tlog\cl.write.1.tlog
c:\development\workspace\steersuiteplus\steersuiteplus\build\vs2012\obj\debug\navmesh\navmesh.tlog\link.command.1.tlog
c:\development\workspace\steersuiteplus\steersuiteplus\build\vs2012\obj\debug\navmesh\navmesh.tlog\link.read.1.tlog
c:\development\workspace\steersuiteplus\steersuiteplus\build\vs2012\obj\debug\navmesh\navmesh.tlog\link.write.1.tlog
c:\development\workspace\steersuiteplus\steersuiteplus\build\vs2012\obj\debug\navmesh\navmesh.tlog\navmesh.write.1u.tlog
