Build started 9/6/2016 1:11:05 AM.
     1>Project "C:\Users\David\Documents\Visual Studio 2013\Projects\SteerSuite\build\vs2012\DebugUtils.vcxproj" on node 7 (Build target(s)).
     1>ClCompile:
         C:\Program Files (x86)\Microsoft Visual Studio 12.0\VC\bin\CL.exe /c /I..\..\navmeshBuilder\include /I..\..\external\recastnavigation\DebugUtils\Include /I..\..\external\recastnavigation\Detour\Include /I..\..\external\recastnavigation\Recast\Include /I..\..\external\recastnavigation\DetourTileCache\Include /I..\..\util\include /ZI /nologo /W4 /WX- /Od /Oy- /D ENABLE_GUI /D ENABLE_GLFW /D DEBUG /D WIN32 /D _WINDOWS /D _MBCS /Gm /EHsc /RTCc /RTC1 /MDd /GS /Gy /fp:precise /Zc:wchar_t /Zc:forScope /Fo"obj\Debug\DebugUtils\\" /Fd"..\bin\DebugUtils.pdb" /Gd /TP /analyze- /errorReport:prompt -std=c++0x -ggdb -fPIC ..\..\external\recastnavigation\DebugUtils\Source\DebugDraw.cpp ..\..\external\recastnavigation\DebugUtils\Source\DetourDebugDraw.cpp ..\..\external\recastnavigation\DebugUtils\Source\RecastDebugDraw.cpp ..\..\external\recastnavigation\DebugUtils\Source\RecastDump.cpp
     1>cl : Command line warning D9002: ignoring unknown option '-std=c++0x'
     1>cl : Command line warning D9002: ignoring unknown option '-ggdb'
     1>cl : Command line warning D9002: ignoring unknown option '-fPIC'
         RecastDump.cpp
     1>c:\users\david\documents\visual studio 2013\projects\steersuite\external\recastnavigation\debugutils\source\recastdump.cpp(39): warning C4996: 'vsnprintf': This function or variable may be unsafe. Consider using vsnprintf_s instead. To disable deprecation, use _CRT_SECURE_NO_WARNINGS. See online help for details.
                 c:\program files (x86)\microsoft visual studio 12.0\vc\include\stdio.h(337) : see declaration of 'vsnprintf'
         RecastDebugDraw.cpp
         DetourDebugDraw.cpp
         DebugDraw.cpp
         Generating Code...
       Lib:
         C:\Program Files (x86)\Microsoft Visual Studio 12.0\VC\bin\Lib.exe /OUT:"..\bin\DebugUtils.lib" /NOLOGO obj\Debug\DebugUtils\DebugDraw.obj
         obj\Debug\DebugUtils\DetourDebugDraw.obj
         obj\Debug\DebugUtils\RecastDebugDraw.obj
         obj\Debug\DebugUtils\RecastDump.obj
         DebugUtils.vcxproj -> C:\Users\David\Documents\Visual Studio 2013\Projects\SteerSuite\build\vs2012\..\bin\DebugUtils.lib
     1>Done Building Project "C:\Users\David\Documents\Visual Studio 2013\Projects\SteerSuite\build\vs2012\DebugUtils.vcxproj" (Build target(s)).

Build succeeded.

Time Elapsed 00:00:00.54
